decides        决定
========================
notice         注意
========================
integrate      整合
========================
beneficial     有利
========================
caught         捕捉
========================
authentication  验证
========================
authorization  授权
========================
reference      参考
========================
promiscuous    淫乱
========================
trusted        可信赖的
========================
alarm          警报
========================
prevents       防止
========================
expires        过期
========================
